0 info it worked if it ends with ok
1 verbose cli [ 'node', '/usr/local/bin/npm', 'install' ]
2 info using npm@2.13.2
3 info using node@v0.10.25
4 verbose node symlink /usr/bin/node
5 verbose readDependencies loading dependencies from /home/synerzip/Yogesh/Practice/NodeJS/RESTful_API/package.json
6 error install Couldn't read dependencies
7 verbose stack Error: Failed to parse json
7 verbose stack Unexpected token '/' at 12:1
7 verbose stack // {
7 verbose stack ^
7 verbose stack     at parseError (/usr/local/lib/node_modules/npm/node_modules/read-package-json/read-json.js:379:11)
7 verbose stack     at parseJson (/usr/local/lib/node_modules/npm/node_modules/read-package-json/read-json.js:68:23)
7 verbose stack     at /usr/local/lib/node_modules/npm/node_modules/read-package-json/read-json.js:48:5
7 verbose stack     at evalmachine.<anonymous>:268:14
7 verbose stack     at /usr/local/lib/node_modules/npm/node_modules/read-package-json/node_modules/graceful-fs/graceful-fs.js:102:5
7 verbose stack     at Object.oncomplete (evalmachine.<anonymous>:107:15)
8 verbose cwd /home/synerzip/Yogesh/Practice/NodeJS/RESTful_API
9 error Linux 3.13.0-53-generic
10 error argv "node" "/usr/local/bin/npm" "install"
11 error node v0.10.25
12 error npm  v2.13.2
13 error file /home/synerzip/Yogesh/Practice/NodeJS/RESTful_API/package.json
14 error code EJSONPARSE
15 error Failed to parse json
15 error Unexpected token '/' at 12:1
15 error // {
15 error ^
16 error File: /home/synerzip/Yogesh/Practice/NodeJS/RESTful_API/package.json
17 error Failed to parse package.json data.
17 error package.json must be actual JSON, not just JavaScript.
17 error
17 error This is not a bug in npm.
17 error Tell the package author to fix their package.json file. JSON.parse
18 verbose exit [ 1, true ]
